<?xml version="1.0" encoding="UTF-8"?>
<!-- Generated by org.testng.reporters.JUnitReportReporter -->
<testsuite hostname="Ashutosh" failures="0" tests="1" name="tests.putPATCHDELT" time="2.482" errors="0" timestamp="2022-11-16T15:26:55 IST" skipped="0">
  <testcase classname="tests.putPATCHDELT" name="deleat" time="2.482"/>
  <system-out/>
</testsuite> <!-- tests.putPATCHDELT -->
