<?xml version="1.0" encoding="UTF-8"?>
<!-- Generated by org.testng.reporters.JUnitReportReporter -->
<testsuite hostname="Ashutosh" failures="0" tests="2" name="tests.testExample" time="1.886" errors="0" timestamp="2022-12-31T11:45:04 IST" skipped="0">
  <testcase classname="tests.testExample" name="test1" time="1.129"/>
  <system-out/>
  <testcase classname="tests.testExample" name="test2" time="0.757"/>
  <system-out/>
</testsuite> <!-- tests.testExample -->
