<?xml version="1.0" encoding="UTF-8"?>
<!-- Generated by org.testng.reporters.JUnitReportReporter -->
<testsuite hostname="Ashutosh" failures="0" tests="1" name="tests.putPATCHDELT" time="2.374" errors="0" timestamp="2023-01-19T13:24:57 IST" skipped="0">
  <testcase classname="tests.putPATCHDELT" name="patch" time="2.374"/>
  <system-out/>
</testsuite> <!-- tests.putPATCHDELT -->
