<?xml version="1.0" encoding="UTF-8"?>
<!-- Generated by org.testng.reporters.JUnitReportReporter -->
<testsuite hostname="Ashutosh" failures="0" tests="1" name="tests.jasondata" time="0.016" errors="0" timestamp="2023-01-06T16:57:54 IST" skipped="0">
  <testcase classname="tests.jasondata" name="forigenPlayer" time="0.016"/>
  <system-out/>
</testsuite> <!-- tests.jasondata -->
