<?xml version="1.0" encoding="UTF-8"?>
<!-- Generated by org.testng.reporters.JUnitReportReporter -->
<testsuite hostname="Ashutosh" failures="0" tests="1" name="project.allBookings" time="3.262" errors="0" timestamp="2023-02-23T15:38:58 IST" skipped="0">
  <testcase classname="project.allBookings" name="allBookoings" time="3.262"/>
  <system-out/>
</testsuite> <!-- project.allBookings -->
