<?xml version="1.0" encoding="UTF-8"?>
<!-- Generated by org.testng.reporters.JUnitReportReporter -->
<testsuite hostname="Ashutosh" failures="0" tests="1" name="tests.pathPara" time="1.866" errors="0" timestamp="2023-01-05T17:57:41 IST" skipped="0">
  <testcase classname="tests.pathPara" name="demo" time="1.866"/>
  <system-out/>
</testsuite> <!-- tests.pathPara -->
