<?xml version="1.0" encoding="UTF-8"?>
<!-- Generated by org.testng.reporters.JUnitReportReporter -->
<testsuite hostname="Ashutosh" failures="0" tests="1" name="project.getBookings" time="3.416" errors="0" timestamp="2023-02-23T14:50:18 IST" skipped="0">
  <testcase classname="project.getBookings" name="stusline" time="3.416"/>
  <system-out/>
</testsuite> <!-- project.getBookings -->
