<?xml version="1.0" encoding="UTF-8"?>
<!-- Generated by org.testng.reporters.JUnitReportReporter -->
<testsuite hostname="Ashutosh" failures="0" tests="2" name="jasondata" time="0.022" errors="0" timestamp="2022-11-25T21:55:54 IST" skipped="0">
  <testcase classname="jasondata" name="wicketKipper" time="0.003"/>
  <system-out/>
  <testcase classname="jasondata" name="forigenPlayer" time="0.019"/>
  <system-out/>
</testsuite> <!-- jasondata -->
