<?xml version="1.0" encoding="UTF-8"?>
<!-- Generated by org.testng.reporters.JUnitReportReporter -->
<testsuite hostname="Ashutosh" failures="0" tests="1" name="utiles.jsonFileRead" time="0.013" errors="0" timestamp="2023-01-06T16:59:51 IST" skipped="0">
  <testcase classname="utiles.jsonFileRead" name="main" time="0.013"/>
  <system-out/>
</testsuite> <!-- utiles.jsonFileRead -->
