<?xml version="1.0" encoding="UTF-8"?>
<!-- Generated by org.testng.reporters.JUnitReportReporter -->
<testsuite hostname="Ashutosh" failures="0" tests="2" name="jasondata" time="0.018" errors="0" timestamp="2022-12-29T15:36:49 IST" skipped="0">
  <testcase classname="jasondata" name="wicketKipper" time="0.002"/>
  <system-out/>
  <testcase classname="jasondata" name="forigenPlayer" time="0.016"/>
  <system-out/>
</testsuite> <!-- jasondata -->
