<?xml version="1.0" encoding="UTF-8"?>
<!-- Generated by org.testng.reporters.JUnitReportReporter -->
<testsuite hostname="Ashutosh" failures="0" tests="3" name="tests.putPATCHDELT" time="1.740" errors="0" timestamp="2022-12-31T11:45:04 IST" skipped="0">
  <testcase classname="tests.putPATCHDELT" name="put" time="0.543"/>
  <system-out/>
  <testcase classname="tests.putPATCHDELT" name="patch" time="0.613"/>
  <system-out/>
  <testcase classname="tests.putPATCHDELT" name="deleat" time="0.584"/>
  <system-out/>
</testsuite> <!-- tests.putPATCHDELT -->
