<?xml version="1.0" encoding="UTF-8"?>
<!-- Generated by org.testng.reporters.JUnitReportReporter -->
<testsuite hostname="Ashutosh" failures="0" tests="1" name="project.tokenAuth" time="4.931" errors="0" timestamp="2023-03-01T11:31:43 IST" skipped="0">
  <testcase classname="project.tokenAuth" name="createBooking" time="4.931"/>
  <system-out/>
</testsuite> <!-- project.tokenAuth -->
