<?xml version="1.0" encoding="UTF-8"?>
<!-- Generated by org.testng.reporters.JUnitReportReporter -->
<testsuite hostname="Ashutosh" failures="0" tests="1" name="demo.Test1" time="3.775" errors="0" timestamp="2023-01-16T13:11:15 IST" skipped="0">
  <testcase classname="demo.Test1" name="demo" time="3.775"/>
  <system-out/>
</testsuite> <!-- demo.Test1 -->
