<?xml version="1.0" encoding="UTF-8"?>
<!-- Generated by org.testng.reporters.JUnitReportReporter -->
<testsuite hostname="Ashutosh" failures="0" tests="1" name="project.mockAPIDeserilisation" time="2.186" errors="0" timestamp="2023-03-01T16:40:45 IST" skipped="0">
  <testcase classname="project.mockAPIDeserilisation" name="mocky" time="2.186"/>
  <system-out/>
</testsuite> <!-- project.mockAPIDeserilisation -->
