<?xml version="1.0" encoding="UTF-8"?>
<!-- Generated by org.testng.reporters.JUnitReportReporter -->
<testsuite hostname="Ashutosh" failures="0" tests="6" name="utiles.excelData" time="0.015" errors="0" timestamp="2023-01-06T19:10:48 IST" skipped="0">
  <testcase classname="utiles.excelData" name="test" time="0.002"/>
  <system-out/>
  <testcase classname="utiles.excelData" name="test" time="0.001"/>
  <system-out/>
  <testcase classname="utiles.excelData" name="test" time="0.001"/>
  <system-out/>
  <testcase classname="utiles.excelData" name="test" time="0.001"/>
  <system-out/>
  <testcase classname="utiles.excelData" name="test" time="0.007"/>
  <system-out/>
  <testcase classname="utiles.excelData" name="test" time="0.003"/>
  <system-out/>
</testsuite> <!-- utiles.excelData -->
