<?xml version="1.0" encoding="UTF-8"?>
<!-- Generated by org.testng.reporters.JUnitReportReporter -->
<testsuite hostname="Ashutosh" failures="0" tests="1" name="tests.testExample" time="2.416" errors="0" timestamp="2023-01-18T13:36:33 IST" skipped="0">
  <testcase classname="tests.testExample" name="test2" time="2.416"/>
  <system-out/>
</testsuite> <!-- tests.testExample -->
