<?xml version="1.0" encoding="UTF-8"?>
<!-- Generated by org.testng.reporters.JUnitReportReporter -->
<testsuite hostname="Ashutosh" failures="0" tests="1" name="tests.testExample" time="5.338" errors="0" timestamp="2022-11-23T11:12:02 IST" skipped="0">
  <testcase classname="tests.testExample" name="test2" time="5.338"/>
  <system-out/>
</testsuite> <!-- tests.testExample -->
