<?xml version="1.0" encoding="UTF-8"?>
<!-- Generated by org.testng.reporters.JUnitReportReporter -->
<testsuite hostname="Ashutosh" failures="0" tests="1" name="tests.JsonSchemaVallidtor" time="2.135" errors="0" timestamp="2023-01-04T12:20:19 IST" skipped="0">
  <testcase classname="tests.JsonSchemaVallidtor" name="test2" time="2.135"/>
  <system-out/>
</testsuite> <!-- tests.JsonSchemaVallidtor -->
