<?xml version="1.0" encoding="UTF-8"?>
<!-- Generated by org.testng.reporters.JUnitReportReporter -->
<testsuite hostname="Ashutosh" failures="0" tests="6" name="utiles.excelData" time="0.027" errors="0" timestamp="2023-01-10T13:54:31 IST" skipped="0">
  <testcase classname="utiles.excelData" name="test" time="0.010"/>
  <system-out/>
  <testcase classname="utiles.excelData" name="test" time="0.001"/>
  <system-out/>
  <testcase classname="utiles.excelData" name="test" time="0.002"/>
  <system-out/>
  <testcase classname="utiles.excelData" name="test" time="0.001"/>
  <system-out/>
  <testcase classname="utiles.excelData" name="test" time="0.007"/>
  <system-out/>
  <testcase classname="utiles.excelData" name="test" time="0.006"/>
  <system-out/>
</testsuite> <!-- utiles.excelData -->
