<?xml version="1.0" encoding="UTF-8"?>
<!-- Generated by org.testng.reporters.JUnitReportReporter -->
<testsuite hostname="Ashutosh" failures="0" tests="1" name="tests.jasondata" time="0.020" errors="0" timestamp="2023-01-29T15:20:35 IST" skipped="0">
  <testcase classname="tests.jasondata" name="forigenPlayer" time="0.020"/>
  <system-out/>
</testsuite> <!-- tests.jasondata -->
