<?xml version="1.0" encoding="UTF-8"?>
<!-- Generated by org.testng.reporters.JUnitReportReporter -->
<testsuite hostname="Ashutosh" failures="0" tests="1" name="utiles.jsonFileRead" time="0.015" errors="0" timestamp="2023-01-31T11:53:57 IST" skipped="0">
  <testcase classname="utiles.jsonFileRead" name="demo" time="0.015"/>
  <system-out/>
</testsuite> <!-- utiles.jsonFileRead -->
