<?xml version="1.0" encoding="UTF-8"?>
<!-- Generated by org.testng.reporters.JUnitReportReporter -->
<testsuite hostname="Ashutosh" failures="0" tests="1" name="project.jsonScheemavallidatorResponse" time="4.454" errors="0" timestamp="2023-02-24T14:41:12 IST" skipped="0">
  <testcase classname="project.jsonScheemavallidatorResponse" name="vallidateScheama" time="4.454"/>
  <system-out/>
</testsuite> <!-- project.jsonScheemavallidatorResponse -->
