<?xml version="1.0" encoding="UTF-8"?>
<!-- Generated by org.testng.reporters.JUnitReportReporter -->
<testsuite hostname="Ashutosh" failures="0" tests="1" name="tests.testGET" time="1.467" errors="0" timestamp="2023-01-17T11:20:58 IST" skipped="0">
  <testcase classname="tests.testGET" name="test3" time="1.467"/>
  <system-out/>
</testsuite> <!-- tests.testGET -->
