<?xml version="1.0" encoding="UTF-8"?>
<!-- Generated by org.testng.reporters.JUnitReportReporter -->
<testsuite hostname="Ashutosh" failures="0" tests="1" name="demo.ReqestspecificationObj" time="1.353" errors="1" timestamp="2023-02-15T17:41:34 IST" skipped="0">
  <testcase classname="demo.ReqestspecificationObj" name="post" time="1.353">
    <error message="com.fasterxml.jackson.databind.exc.MismatchedInputException: Cannot deserialize instance of `pojo.AdressPojo` out of START_ARRAY token
 at [Source: (String)&quot;[[{&quot;id&quot;:10,&quot;title&quot;:&quot;json-server&quot;,&quot;first_name&quot;:&quot;Ashutosh&quot;,&quot;last_name&quot;:&quot;Ardak&quot;,&quot;adress&quot;:{&quot;city&quot;:&quot;angar&quot;,&quot;state&quot;:&quot;mh&quot;,&quot;country&quot;:&quot;In&quot;}},{&quot;id&quot;:2,&quot;title&quot;:&quot;tester&quot;,&quot;last_name&quot;:&quot;DESHMUKH&quot;,&quot;first_name&quot;:&quot;ASMITA&quot;,&quot;adress&quot;:{&quot;city&quot;:&quot;nanded&quot;,&quot;state&quot;:&quot;mh&quot;,&quot;country&quot;:&quot;In&quot;}}]]&quot;; line: 1, column: 1]" type="java.lang.RuntimeException">
      <![CDATA[java.lang.RuntimeException: com.fasterxml.jackson.databind.exc.MismatchedInputException: Cannot deserialize instance of `pojo.AdressPojo` out of START_ARRAY token
 at [Source: (String)"[[{"id":10,"title":"json-server","first_name":"Ashutosh","last_name":"Ardak","adress":{"city":"angar","state":"mh","country":"In"}},{"id":2,"title":"tester","last_name":"DESHMUKH","first_name":"ASMITA","adress":{"city":"nanded","state":"mh","country":"In"}}]]"; line: 1, column: 1]
at io.restassured.internal.path.json.mapping.JsonPathJackson2ObjectDeserializer.deserialize(JsonPathJackson2ObjectDeserializer.java:30)
at io.restassured.internal.path.json.mapping.JsonObjectDeserializer.deserializeWithJackson2(JsonObjectDeserializer.java:93)
at io.restassured.internal.path.json.mapping.JsonObjectDeserializer.deserialize(JsonObjectDeserializer.java:53)
at io.restassured.path.json.JsonPath.jsonStringToObject(JsonPath.java:1093)
at io.restassured.path.json.JsonPath.getObject(JsonPath.java:560)
at demo.ReqestspecificationObj.post(ReqestspecificationObj.java:63)
at java.base/jdk.internal.reflect.DirectMethodHandleAccessor.invoke(DirectMethodHandleAccessor.java:104)
at java.base/java.lang.reflect.Method.invoke(Method.java:577)
at org.testng.internal.MethodInvocationHelper.invokeMethod(MethodInvocationHelper.java:133)
at org.testng.internal.TestInvoker.invokeMethod(TestInvoker.java:598)
at org.testng.internal.TestInvoker.invokeTestMethod(TestInvoker.java:173)
at org.testng.internal.MethodRunner.runInSequence(MethodRunner.java:46)
at org.testng.internal.TestInvoker$MethodInvocationAgent.invoke(TestInvoker.java:824)
at org.testng.internal.TestInvoker.invokeTestMethods(TestInvoker.java:146)
at org.testng.internal.TestMethodWorker.invokeTestMethods(TestMethodWorker.java:146)
at org.testng.internal.TestMethodWorker.run(TestMethodWorker.java:128)
at java.base/java.util.ArrayList.forEach(ArrayList.java:1511)
at org.testng.TestRunner.privateRun(TestRunner.java:794)
at org.testng.TestRunner.run(TestRunner.java:596)
at org.testng.SuiteRunner.runTest(SuiteRunner.java:377)
at org.testng.SuiteRunner.runSequentially(SuiteRunner.java:371)
at org.testng.SuiteRunner.privateRun(SuiteRunner.java:332)
at org.testng.SuiteRunner.run(SuiteRunner.java:276)
at org.testng.SuiteRunnerWorker.runSuite(SuiteRunnerWorker.java:53)
at org.testng.SuiteRunnerWorker.run(SuiteRunnerWorker.java:96)
at org.testng.TestNG.runSuitesSequentially(TestNG.java:1212)
at org.testng.TestNG.runSuitesLocally(TestNG.java:1134)
at org.testng.TestNG.runSuites(TestNG.java:1063)
at org.testng.TestNG.run(TestNG.java:1031)
at org.testng.remote.AbstractRemoteTestNG.run(AbstractRemoteTestNG.java:115)
at org.testng.remote.RemoteTestNG.initAndRun(RemoteTestNG.java:251)
at org.testng.remote.RemoteTestNG.main(RemoteTestNG.java:77)
Caused by: com.fasterxml.jackson.databind.exc.MismatchedInputException: Cannot deserialize instance of `pojo.AdressPojo` out of START_ARRAY token
 at [Source: (String)"[[{"id":10,"title":"json-server","first_name":"Ashutosh","last_name":"Ardak","adress":{"city":"angar","state":"mh","country":"In"}},{"id":2,"title":"tester","last_name":"DESHMUKH","first_name":"ASMITA","adress":{"city":"nanded","state":"mh","country":"In"}}]]"; line: 1, column: 1]
at com.fasterxml.jackson.databind.exc.MismatchedInputException.from(MismatchedInputException.java:59)
at com.fasterxml.jackson.databind.DeserializationContext.reportInputMismatch(DeserializationContext.java:1445)
at com.fasterxml.jackson.databind.DeserializationContext.handleUnexpectedToken(DeserializationContext.java:1219)
at com.fasterxml.jackson.databind.DeserializationContext.handleUnexpectedToken(DeserializationContext.java:1171)
at com.fasterxml.jackson.databind.deser.BeanDeserializerBase.deserializeFromArray(BeanDeserializerBase.java:1460)
at com.fasterxml.jackson.databind.deser.BeanDeserializer._deserializeOther(BeanDeserializer.java:185)
at com.fasterxml.jackson.databind.deser.BeanDeserializer.deserialize(BeanDeserializer.java:161)
at com.fasterxml.jackson.databind.ObjectMapper._readMapAndClose(ObjectMapper.java:4218)
at com.fasterxml.jackson.databind.ObjectMapper.readValue(ObjectMapper.java:3214)
at io.restassured.internal.path.json.mapping.JsonPathJackson2ObjectDeserializer.deserialize(JsonPathJackson2ObjectDeserializer.java:28)
... 31 more
]]>
    </error>
  </testcase> <!-- post -->
  <system-out/>
</testsuite> <!-- demo.ReqestspecificationObj -->
