<?xml version="1.0" encoding="UTF-8"?>
<!-- Generated by org.testng.reporters.JUnitReportReporter -->
<testsuite hostname="Ashutosh" failures="0" tests="5" name="demo.ExceldataRead" time="0.021" errors="0" timestamp="2023-03-25T13:37:38 IST" skipped="0">
  <testcase classname="demo.ExceldataRead" name="readdata" time="0.005"/>
  <system-out/>
  <testcase classname="demo.ExceldataRead" name="readdata" time="0.002"/>
  <system-out/>
  <testcase classname="demo.ExceldataRead" name="readdata" time="0.003"/>
  <system-out/>
  <testcase classname="demo.ExceldataRead" name="readdata" time="0.008"/>
  <system-out/>
  <testcase classname="demo.ExceldataRead" name="readdata" time="0.003"/>
  <system-out/>
</testsuite> <!-- demo.ExceldataRead -->
